mode: set
github.com/Vinicius-Santos-da-Silva/greenhouse_api/src/application/Temperature.go:19.79,23.2 1 1
github.com/Vinicius-Santos-da-Silva/greenhouse_api/src/application/Temperature.go:25.102,27.34 1 1
github.com/Vinicius-Santos-da-Silva/greenhouse_api/src/application/Temperature.go:31.2,34.16 3 1
github.com/Vinicius-Santos-da-Silva/greenhouse_api/src/application/Temperature.go:38.2,39.16 2 1
github.com/Vinicius-Santos-da-Silva/greenhouse_api/src/application/Temperature.go:43.2,45.18 2 1
github.com/Vinicius-Santos-da-Silva/greenhouse_api/src/application/Temperature.go:54.2,55.24 2 1
github.com/Vinicius-Santos-da-Silva/greenhouse_api/src/application/Temperature.go:63.2,69.8 2 1
github.com/Vinicius-Santos-da-Silva/greenhouse_api/src/application/Temperature.go:27.34,29.3 1 0
github.com/Vinicius-Santos-da-Silva/greenhouse_api/src/application/Temperature.go:34.16,36.3 1 0
github.com/Vinicius-Santos-da-Silva/greenhouse_api/src/application/Temperature.go:39.16,41.3 1 0
github.com/Vinicius-Santos-da-Silva/greenhouse_api/src/application/Temperature.go:45.18,52.3 2 1
github.com/Vinicius-Santos-da-Silva/greenhouse_api/src/application/Temperature.go:55.24,62.3 2 0
github.com/Vinicius-Santos-da-Silva/greenhouse_api/src/application/Temperature.go:73.40,75.2 1 1
github.com/Vinicius-Santos-da-Silva/greenhouse_api/src/application/Temperature.go:77.40,79.2 1 1
